<?xml version="1.0" encoding="UTF-8"?>
<testsuite xmlns:xsi="http://www.w3.org/2001/XMLSchema-instance" xsi:noNamespaceSchemaLocation="https://maven.apache.org/surefire/maven-surefire-plugin/xsd/surefire-test-report.xsd" name="com.example.LionTest" time="0.064" tests="3" errors="0" skipped="0" failures="3">
  <properties>
    <property name="sun.desktop" value="windows"/>
    <property name="awt.toolkit" value="sun.awt.windows.WToolkit"/>
    <property name="java.specification.version" value="11"/>
    <property name="sun.cpu.isalist" value="amd64"/>
    <property name="sun.jnu.encoding" value="Cp1251"/>
    <property name="java.class.path" value="C:\Users\gabdu\qa_java\target\test-classes;C:\Users\gabdu\qa_java\target\classes;C:\Users\gabdu\.m2\repository\org\jacoco\jacoco-maven-plugin\0.8.10\jacoco-maven-plugin-0.8.10.jar;C:\Users\gabdu\.m2\repository\org\codehaus\plexus\plexus-utils\3.0.24\plexus-utils-3.0.24.jar;C:\Users\gabdu\.m2\repository\org\apache\maven\shared\file-management\1.2.1\file-management-1.2.1.jar;C:\Users\gabdu\.m2\repository\org\apache\maven\maven-plugin-api\2.0.6\maven-plugin-api-2.0.6.jar;C:\Users\gabdu\.m2\repository\org\apache\maven\shared\maven-shared-io\1.1\maven-shared-io-1.1.jar;C:\Users\gabdu\.m2\repository\org\apache\maven\maven-artifact\2.0.2\maven-artifact-2.0.2.jar;C:\Users\gabdu\.m2\repository\org\apache\maven\maven-artifact-manager\2.0.2\maven-artifact-manager-2.0.2.jar;C:\Users\gabdu\.m2\repository\org\apache\maven\maven-repository-metadata\2.0.2\maven-repository-metadata-2.0.2.jar;C:\Users\gabdu\.m2\repository\org\apache\maven\wagon\wagon-provider-api\1.0-alpha-6\wagon-provider-api-1.0-alpha-6.jar;C:\Users\gabdu\.m2\repository\org\codehaus\plexus\plexus-container-default\1.0-alpha-9\plexus-container-default-1.0-alpha-9.jar;C:\Users\gabdu\.m2\repository\classworlds\classworlds\1.1-alpha-2\classworlds-1.1-alpha-2.jar;C:\Users\gabdu\.m2\repository\org\apache\maven\reporting\maven-reporting-api\3.0\maven-reporting-api-3.0.jar;C:\Users\gabdu\.m2\repository\org\apache\maven\doxia\doxia-sink-api\1.0\doxia-sink-api-1.0.jar;C:\Users\gabdu\.m2\repository\org\jacoco\org.jacoco.agent\0.8.10\org.jacoco.agent-0.8.10-runtime.jar;C:\Users\gabdu\.m2\repository\org\jacoco\org.jacoco.core\0.8.10\org.jacoco.core-0.8.10.jar;C:\Users\gabdu\.m2\repository\org\ow2\asm\asm\9.5\asm-9.5.jar;C:\Users\gabdu\.m2\repository\org\ow2\asm\asm-commons\9.5\asm-commons-9.5.jar;C:\Users\gabdu\.m2\repository\org\ow2\asm\asm-tree\9.5\asm-tree-9.5.jar;C:\Users\gabdu\.m2\repository\org\jacoco\org.jacoco.report\0.8.10\org.jacoco.report-0.8.10.jar;C:\Users\gabdu\.m2\repository\junit\junit\4.13.2\junit-4.13.2.jar;C:\Users\gabdu\.m2\repository\org\hamcrest\hamcrest-core\1.3\hamcrest-core-1.3.jar;C:\Users\gabdu\.m2\repository\org\mockito\mockito-core\3.12.4\mockito-core-3.12.4.jar;C:\Users\gabdu\.m2\repository\net\bytebuddy\byte-buddy\1.11.13\byte-buddy-1.11.13.jar;C:\Users\gabdu\.m2\repository\net\bytebuddy\byte-buddy-agent\1.11.13\byte-buddy-agent-1.11.13.jar;C:\Users\gabdu\.m2\repository\org\objenesis\objenesis\3.2\objenesis-3.2.jar;C:\Users\gabdu\.m2\repository\org\assertj\assertj-core\3.24.2\assertj-core-3.24.2.jar;"/>
    <property name="java.vm.vendor" value="Amazon.com Inc."/>
    <property name="sun.arch.data.model" value="64"/>
    <property name="user.variant" value=""/>
    <property name="java.vendor.url" value="https://aws.amazon.com/corretto/"/>
    <property name="user.timezone" value="Europe/Moscow"/>
    <property name="java.vm.specification.version" value="11"/>
    <property name="os.name" value="Windows 10"/>
    <property name="sun.java.launcher" value="SUN_STANDARD"/>
    <property name="user.country" value="RU"/>
    <property name="sun.boot.library.path" value="C:\Program Files\Amazon Corretto\jdk11.0.23_9\bin"/>
    <property name="sun.java.command" value="C:\Users\gabdu\AppData\Local\Temp\surefire9106535619490018301\surefirebooter2951164630940239138.jar C:\Users\gabdu\AppData\Local\Temp\surefire9106535619490018301 2024-07-10T17-24-55_151-jvmRun1 surefire12151208510558868581tmp surefire_09071715233153966520tmp"/>
    <property name="jdk.debug" value="release"/>
    <property name="surefire.test.class.path" value="C:\Users\gabdu\qa_java\target\test-classes;C:\Users\gabdu\qa_java\target\classes;C:\Users\gabdu\.m2\repository\org\jacoco\jacoco-maven-plugin\0.8.10\jacoco-maven-plugin-0.8.10.jar;C:\Users\gabdu\.m2\repository\org\codehaus\plexus\plexus-utils\3.0.24\plexus-utils-3.0.24.jar;C:\Users\gabdu\.m2\repository\org\apache\maven\shared\file-management\1.2.1\file-management-1.2.1.jar;C:\Users\gabdu\.m2\repository\org\apache\maven\maven-plugin-api\2.0.6\maven-plugin-api-2.0.6.jar;C:\Users\gabdu\.m2\repository\org\apache\maven\shared\maven-shared-io\1.1\maven-shared-io-1.1.jar;C:\Users\gabdu\.m2\repository\org\apache\maven\maven-artifact\2.0.2\maven-artifact-2.0.2.jar;C:\Users\gabdu\.m2\repository\org\apache\maven\maven-artifact-manager\2.0.2\maven-artifact-manager-2.0.2.jar;C:\Users\gabdu\.m2\repository\org\apache\maven\maven-repository-metadata\2.0.2\maven-repository-metadata-2.0.2.jar;C:\Users\gabdu\.m2\repository\org\apache\maven\wagon\wagon-provider-api\1.0-alpha-6\wagon-provider-api-1.0-alpha-6.jar;C:\Users\gabdu\.m2\repository\org\codehaus\plexus\plexus-container-default\1.0-alpha-9\plexus-container-default-1.0-alpha-9.jar;C:\Users\gabdu\.m2\repository\classworlds\classworlds\1.1-alpha-2\classworlds-1.1-alpha-2.jar;C:\Users\gabdu\.m2\repository\org\apache\maven\reporting\maven-reporting-api\3.0\maven-reporting-api-3.0.jar;C:\Users\gabdu\.m2\repository\org\apache\maven\doxia\doxia-sink-api\1.0\doxia-sink-api-1.0.jar;C:\Users\gabdu\.m2\repository\org\jacoco\org.jacoco.agent\0.8.10\org.jacoco.agent-0.8.10-runtime.jar;C:\Users\gabdu\.m2\repository\org\jacoco\org.jacoco.core\0.8.10\org.jacoco.core-0.8.10.jar;C:\Users\gabdu\.m2\repository\org\ow2\asm\asm\9.5\asm-9.5.jar;C:\Users\gabdu\.m2\repository\org\ow2\asm\asm-commons\9.5\asm-commons-9.5.jar;C:\Users\gabdu\.m2\repository\org\ow2\asm\asm-tree\9.5\asm-tree-9.5.jar;C:\Users\gabdu\.m2\repository\org\jacoco\org.jacoco.report\0.8.10\org.jacoco.report-0.8.10.jar;C:\Users\gabdu\.m2\repository\junit\junit\4.13.2\junit-4.13.2.jar;C:\Users\gabdu\.m2\repository\org\hamcrest\hamcrest-core\1.3\hamcrest-core-1.3.jar;C:\Users\gabdu\.m2\repository\org\mockito\mockito-core\3.12.4\mockito-core-3.12.4.jar;C:\Users\gabdu\.m2\repository\net\bytebuddy\byte-buddy\1.11.13\byte-buddy-1.11.13.jar;C:\Users\gabdu\.m2\repository\net\bytebuddy\byte-buddy-agent\1.11.13\byte-buddy-agent-1.11.13.jar;C:\Users\gabdu\.m2\repository\org\objenesis\objenesis\3.2\objenesis-3.2.jar;C:\Users\gabdu\.m2\repository\org\assertj\assertj-core\3.24.2\assertj-core-3.24.2.jar;"/>
    <property name="sun.cpu.endian" value="little"/>
    <property name="user.home" value="C:\Users\gabdu"/>
    <property name="user.language" value="ru"/>
    <property name="java.specification.vendor" value="Oracle Corporation"/>
    <property name="java.version.date" value="2024-04-16"/>
    <property name="java.home" value="C:\Program Files\Amazon Corretto\jdk11.0.23_9"/>
    <property name="file.separator" value="\"/>
    <property name="basedir" value="C:\Users\gabdu\qa_java"/>
    <property name="java.vm.compressedOopsMode" value="Zero based"/>
    <property name="line.separator" value="&#10;"/>
    <property name="java.specification.name" value="Java Platform API Specification"/>
    <property name="java.vm.specification.vendor" value="Oracle Corporation"/>
    <property name="java.awt.graphicsenv" value="sun.awt.Win32GraphicsEnvironment"/>
    <property name="surefire.real.class.path" value="C:\Users\gabdu\AppData\Local\Temp\surefire9106535619490018301\surefirebooter2951164630940239138.jar"/>
    <property name="user.script" value=""/>
    <property name="sun.management.compiler" value="HotSpot 64-Bit Tiered Compilers"/>
    <property name="java.runtime.version" value="11.0.23+9-LTS"/>
    <property name="user.name" value="gabdu"/>
    <property name="path.separator" value=";"/>
    <property name="os.version" value="10.0"/>
    <property name="java.runtime.name" value="OpenJDK Runtime Environment"/>
    <property name="file.encoding" value="Cp1251"/>
    <property name="java.vm.name" value="OpenJDK 64-Bit Server VM"/>
    <property name="java.vendor.version" value="Corretto-11.0.23.9.1"/>
    <property name="localRepository" value="C:\Users\gabdu\.m2\repository"/>
    <property name="java.vendor.url.bug" value="https://github.com/corretto/corretto-11/issues/"/>
    <property name="java.io.tmpdir" value="C:\Users\gabdu\AppData\Local\Temp\"/>
    <property name="java.version" value="11.0.23"/>
    <property name="user.dir" value="C:\Users\gabdu\qa_java"/>
    <property name="os.arch" value="amd64"/>
    <property name="java.vm.specification.name" value="Java Virtual Machine Specification"/>
    <property name="java.awt.printerjob" value="sun.awt.windows.WPrinterJob"/>
    <property name="sun.os.patch.level" value=""/>
    <property name="java.library.path" value="C:\Program Files\Amazon Corretto\jdk11.0.23_9\bin;C:\Windows\Sun\Java\bin;C:\Windows\system32;C:\Windows;C:\Program Files\Amazon Corretto\jdk11.0.23_9\bin;C:\Program Files (x86)\NVIDIA Corporation\PhysX\Common;C:\Windows\system32;C:\Windows;C:\Windows\System32\Wbem;C:\Windows\System32\WindowsPowerShell\v1.0\;C:\Windows\System32\OpenSSH\;C:\Program Files\NVIDIA Corporation\NVIDIA NvDLISR;C:\Program Files\dotnet\;C:\Program Files\apache-maven-3.9.6\bin;C:\Program Files\Git\cmd;C:\Program Files\Git\mingw64\bin;C:\Program Files\Git\usr\bin;C:\WebDriver\bin;C:\Users\gabdu\AppData\Local\Microsoft\WindowsApps;C:\Program Files\IntelliJ IDEA Community Edition 2024.1\bin;;C:\Program Files\apache-maven-3.9.6\bin;;."/>
    <property name="java.vm.info" value="mixed mode"/>
    <property name="java.vendor" value="Amazon.com Inc."/>
    <property name="java.vm.version" value="11.0.23+9-LTS"/>
    <property name="java.specification.maintenance.version" value="2"/>
    <property name="sun.io.unicode.encoding" value="UnicodeLittle"/>
    <property name="java.class.version" value="55.0"/>
  </properties>
  <testcase name="getKittensIsCorrect" classname="com.example.LionTest" time="0.034">
    <failure message="РќРµРєРѕСЂСЂРµРєС‚РЅРѕРµ РєРѕР»РёС‡РµСЃС‚РІРѕ РєРѕС‚СЏС‚&#10;Expected: &lt;2&gt;&#10;     but: was &lt;1&gt;" type="java.lang.AssertionError"><![CDATA[java.lang.AssertionError: 
РќРµРєРѕСЂСЂРµРєС‚РЅРѕРµ РєРѕР»РёС‡РµСЃС‚РІРѕ РєРѕС‚СЏС‚
Expected: <2>
     but: was <1>
	at com.example.LionTest.getKittensIsCorrect(LionTest.java:37)
]]></failure>
  </testcase>
  <testcase name="getFoodIsCorrect" classname="com.example.LionTest" time="0.003">
    <failure message="РќРµРєРѕСЂСЂРµРєС‚РЅС‹Р№ СЃРїРёСЃРѕРє РµРґС‹&#10;Expected: &lt;[РџРёС‰Р°]&gt;&#10;     but: was &lt;[Р–РёРІРѕС‚РЅС‹Рµ, РџС‚РёС†С‹, Р С‹Р±Р°]&gt;" type="java.lang.AssertionError"><![CDATA[java.lang.AssertionError: 
РќРµРєРѕСЂСЂРµРєС‚РЅС‹Р№ СЃРїРёСЃРѕРє РµРґС‹
Expected: <[РџРёС‰Р°]>
     but: was <[Р–РёРІРѕС‚РЅС‹Рµ, РџС‚РёС†С‹, Р С‹Р±Р°]>
	at com.example.LionTest.getFoodIsCorrect(LionTest.java:49)
]]></failure>
  </testcase>
  <testcase name="createLionThrowsException" classname="com.example.LionTest" time="0.017">
    <failure message="&#10;Expected: (an instance of java.lang.Exception and exception with message a string containing &quot;Р�СЃРїРѕР»СЊР·СѓР№С‚Рµ РґРѕРїСѓСЃС‚РёРјС‹Рµ Р·РЅР°С‡РµРЅРёСЏ РїРѕР»Р° Р¶РёРІРѕС‚РЅРѕРіРѕ - СЃР°РјРµС† РёР»Рё СЃР°РјРєР°&quot;)&#10;     but: exception with message a string containing &quot;Р�СЃРїРѕР»СЊР·СѓР№С‚Рµ РґРѕРїСѓСЃС‚РёРјС‹Рµ Р·РЅР°С‡РµРЅРёСЏ РїРѕР»Р° Р¶РёРІРѕС‚РЅРѕРіРѕ - СЃР°РјРµС† РёР»Рё СЃР°РјРєР°&quot; message was &quot;Р�СЃРїРѕР»СЊР·СѓР№С‚Рµ РґРѕРїСѓСЃС‚РёРјС‹Рµ Р·РЅР°С‡РµРЅРёСЏ РїРѕР»Р° Р¶РёРІРѕС‚РЅРѕРіРѕ - СЃР°РјРµР№ РёР»Рё СЃР°РјРєР°&quot;&#10;Stacktrace was: java.lang.Exception: Р�СЃРїРѕР»СЊР·СѓР№С‚Рµ РґРѕРїСѓСЃС‚РёРјС‹Рµ Р·РЅР°С‡РµРЅРёСЏ РїРѕР»Р° Р¶РёРІРѕС‚РЅРѕРіРѕ - СЃР°РјРµР№ РёР»Рё СЃР°РјРєР°&#10;	at com.example.Lion.&lt;init&gt;(Lion.java:15)&#10;	at com.example.LionTest.createLionThrowsException(LionTest.java:28)&#10;	at java.base/jdk.internal.reflect.NativeMethodAccessorImpl.invoke0(Native Method)&#10;	at java.base/jdk.internal.reflect.NativeMethodAccessorImpl.invoke(NativeMethodAccessorImpl.java:62)&#10;	at java.base/jdk.internal.reflect.DelegatingMethodAccessorImpl.invoke(DelegatingMethodAccessorImpl.java:43)&#10;	at java.base/java.lang.reflect.Method.invoke(Method.java:566)&#10;	at org.junit.runners.model.FrameworkMethod$1.runReflectiveCall(FrameworkMethod.java:59)&#10;	at org.junit.internal.runners.model.ReflectiveCallable.run(ReflectiveCallable.java:12)&#10;	at org.junit.runners.model.FrameworkMethod.invokeExplosively(FrameworkMethod.java:56)&#10;	at org.junit.internal.runners.statements.InvokeMethod.evaluate(InvokeMethod.java:17)&#10;	at org.mockito.internal.runners.DefaultInternalRunner$1$1.evaluate(DefaultInternalRunner.java:55)&#10;	at org.junit.rules.ExpectedException$ExpectedExceptionStatement.evaluate(ExpectedException.java:258)&#10;	at org.junit.runners.ParentRunner$3.evaluate(ParentRunner.java:306)&#10;	at org.junit.runners.BlockJUnit4ClassRunner$1.evaluate(BlockJUnit4ClassRunner.java:100)&#10;	at org.junit.runners.ParentRunner.runLeaf(ParentRunner.java:366)&#10;	at org.junit.runners.BlockJUnit4ClassRunner.runChild(BlockJUnit4ClassRunner.java:103)&#10;	at org.junit.runners.BlockJUnit4ClassRunner.runChild(BlockJUnit4ClassRunner.java:63)&#10;	at org.junit.runners.ParentRunner$4.run(ParentRunner.java:331)&#10;	at org.junit.runners.ParentRunner$1.schedule(ParentRunner.java:79)&#10;	at org.junit.runners.ParentRunner.runChildren(ParentRunner.java:329)&#10;	at org.junit.runners.ParentRunner.access$100(ParentRunner.java:66)&#10;	at org.junit.runners.ParentRunner$2.evaluate(ParentRunner.java:293)&#10;	at org.junit.runners.ParentRunner$3.evaluate(ParentRunner.java:306)&#10;	at org.junit.runners.ParentRunner.run(ParentRunner.java:413)&#10;	at org.mockito.internal.runners.DefaultInternalRunner$1.run(DefaultInternalRunner.java:100)&#10;	at org.mockito.internal.runners.DefaultInternalRunner.run(DefaultInternalRunner.java:107)&#10;	at org.mockito.internal.runners.StrictRunner.run(StrictRunner.java:41)&#10;	at org.mockito.junit.MockitoJUnitRunner.run(MockitoJUnitRunner.java:163)&#10;	at org.apache.maven.surefire.junit4.JUnit4Provider.execute(JUnit4Provider.java:365)&#10;	at org.apache.maven.surefire.junit4.JUnit4Provider.executeWithRerun(JUnit4Provider.java:273)&#10;	at org.apache.maven.surefire.junit4.JUnit4Provider.executeTestSet(JUnit4Provider.java:238)&#10;	at org.apache.maven.surefire.junit4.JUnit4Provider.invoke(JUnit4Provider.java:159)&#10;	at org.apache.maven.surefire.booter.ForkedBooter.invokeProviderInSameClassLoader(ForkedBooter.java:384)&#10;	at org.apache.maven.surefire.booter.ForkedBooter.runSuitesInProcess(ForkedBooter.java:345)&#10;	at org.apache.maven.surefire.booter.ForkedBooter.execute(ForkedBooter.java:126)&#10;	at org.apache.maven.surefire.booter.ForkedBooter.main(ForkedBooter.java:418)&#10;" type="java.lang.AssertionError"><![CDATA[java.lang.AssertionError: 

Expected: (an instance of java.lang.Exception and exception with message a string containing "Р�СЃРїРѕР»СЊР·СѓР№С‚Рµ РґРѕРїСѓСЃС‚РёРјС‹Рµ Р·РЅР°С‡РµРЅРёСЏ РїРѕР»Р° Р¶РёРІРѕС‚РЅРѕРіРѕ - СЃР°РјРµС† РёР»Рё СЃР°РјРєР°")
     but: exception with message a string containing "Р�СЃРїРѕР»СЊР·СѓР№С‚Рµ РґРѕРїСѓСЃС‚РёРјС‹Рµ Р·РЅР°С‡РµРЅРёСЏ РїРѕР»Р° Р¶РёРІРѕС‚РЅРѕРіРѕ - СЃР°РјРµС† РёР»Рё СЃР°РјРєР°" message was "Р�СЃРїРѕР»СЊР·СѓР№С‚Рµ РґРѕРїСѓСЃС‚РёРјС‹Рµ Р·РЅР°С‡РµРЅРёСЏ РїРѕР»Р° Р¶РёРІРѕС‚РЅРѕРіРѕ - СЃР°РјРµР№ РёР»Рё СЃР°РјРєР°"
Stacktrace was: java.lang.Exception: Р�СЃРїРѕР»СЊР·СѓР№С‚Рµ РґРѕРїСѓСЃС‚РёРјС‹Рµ Р·РЅР°С‡РµРЅРёСЏ РїРѕР»Р° Р¶РёРІРѕС‚РЅРѕРіРѕ - СЃР°РјРµР№ РёР»Рё СЃР°РјРєР°
	at com.example.Lion.<init>(Lion.java:15)
	at com.example.LionTest.createLionThrowsException(LionTest.java:28)
	at java.base/jdk.internal.reflect.NativeMethodAccessorImpl.invoke0(Native Method)
	at java.base/jdk.internal.reflect.NativeMethodAccessorImpl.invoke(NativeMethodAccessorImpl.java:62)
	at java.base/jdk.internal.reflect.DelegatingMethodAccessorImpl.invoke(DelegatingMethodAccessorImpl.java:43)
	at java.base/java.lang.reflect.Method.invoke(Method.java:566)
	at org.junit.runners.model.FrameworkMethod$1.runReflectiveCall(FrameworkMethod.java:59)
	at org.junit.internal.runners.model.ReflectiveCallable.run(ReflectiveCallable.java:12)
	at org.junit.runners.model.FrameworkMethod.invokeExplosively(FrameworkMethod.java:56)
	at org.junit.internal.runners.statements.InvokeMethod.evaluate(InvokeMethod.java:17)
	at org.mockito.internal.runners.DefaultInternalRunner$1$1.evaluate(DefaultInternalRunner.java:55)
	at org.junit.rules.ExpectedException$ExpectedExceptionStatement.evaluate(ExpectedException.java:258)
	at org.junit.runners.ParentRunner$3.evaluate(ParentRunner.java:306)
	at org.junit.runners.BlockJUnit4ClassRunner$1.evaluate(BlockJUnit4ClassRunner.java:100)
	at org.junit.runners.ParentRunner.runLeaf(ParentRunner.java:366)
	at org.junit.runners.BlockJUnit4ClassRunner.runChild(BlockJUnit4ClassRunner.java:103)
	at org.junit.runners.BlockJUnit4ClassRunner.runChild(BlockJUnit4ClassRunner.java:63)
	at org.junit.runners.ParentRunner$4.run(ParentRunner.java:331)
	at org.junit.runners.ParentRunner$1.schedule(ParentRunner.java:79)
	at org.junit.runners.ParentRunner.runChildren(ParentRunner.java:329)
	at org.junit.runners.ParentRunner.access$100(ParentRunner.java:66)
	at org.junit.runners.ParentRunner$2.evaluate(ParentRunner.java:293)
	at org.junit.runners.ParentRunner$3.evaluate(ParentRunner.java:306)
	at org.junit.runners.ParentRunner.run(ParentRunner.java:413)
	at org.mockito.internal.runners.DefaultInternalRunner$1.run(DefaultInternalRunner.java:100)
	at org.mockito.internal.runners.DefaultInternalRunner.run(DefaultInternalRunner.java:107)
	at org.mockito.internal.runners.StrictRunner.run(StrictRunner.java:41)
	at org.mockito.junit.MockitoJUnitRunner.run(MockitoJUnitRunner.java:163)
	at org.apache.maven.surefire.junit4.JUnit4Provider.execute(JUnit4Provider.java:365)
	at org.apache.maven.surefire.junit4.JUnit4Provider.executeWithRerun(JUnit4Provider.java:273)
	at org.apache.maven.surefire.junit4.JUnit4Provider.executeTestSet(JUnit4Provider.java:238)
	at org.apache.maven.surefire.junit4.JUnit4Provider.invoke(JUnit4Provider.java:159)
	at org.apache.maven.surefire.booter.ForkedBooter.invokeProviderInSameClassLoader(ForkedBooter.java:384)
	at org.apache.maven.surefire.booter.ForkedBooter.runSuitesInProcess(ForkedBooter.java:345)
	at org.apache.maven.surefire.booter.ForkedBooter.execute(ForkedBooter.java:126)
	at org.apache.maven.surefire.booter.ForkedBooter.main(ForkedBooter.java:418)

]]></failure>
  </testcase>
</testsuite>